{"level":"error","message":"Cannot read properties of undefined (reading 'code')"}
{"level":"error","message":"use is not defined"}
{"level":"error","message":"Operation `users.findOne()` buffering timed out after 10000ms"}
{"address":"::","code":"EADDRINUSE","errno":-98,"level":"error","port":3000,"syscall":"listen"}
{"address":"::","code":"EADDRINUSE","errno":-98,"level":"error","port":3000,"syscall":"listen"}
{"address":"::","code":"EADDRINUSE","errno":-98,"level":"error","port":3000,"syscall":"listen"}
{"address":"::","code":"EADDRINUSE","errno":-98,"level":"error","port":3000,"syscall":"listen"}
{"address":"::","code":"EADDRINUSE","errno":-98,"level":"error","port":3000,"syscall":"listen"}
{"address":"::","code":"EADDRINUSE","errno":-98,"level":"error","port":3000,"syscall":"listen"}
{"level":"error","message":"Unexpected token , in JSON at position 85"}
{"body":"{\n    \"name\":\"mohammadreza\",\n    \"email\": \"mohammadreza.zr@yahoo.com\",\n    \"number\": ,\n    \"password\": \"salamkh0bY\"\n}","expose":true,"level":"error","message":"Unexpected token , in JSON at position 85 Unexpected token , in JSON at position 85","stack":"SyntaxError: Unexpected token , in JSON at position 85\n    at JSON.parse (<anonymous>)\n    at parse (/home/b3jan/vscode/nodejs/api/node_modules/body-parser/lib/types/json.js:89:19)\n    at /home/b3jan/vscode/nodejs/api/node_modules/body-parser/lib/read.js:121:18\n    at invokeCallback (/home/b3jan/vscode/nodejs/api/node_modules/raw-body/index.js:224:16)\n    at done (/home/b3jan/vscode/nodejs/api/node_modules/raw-body/index.js:213:7)\n    at IncomingMessage.onEnd (/home/b3jan/vscode/nodejs/api/node_modules/raw-body/index.js:273:7)\n    at IncomingMessage.emit (node:events:406:35)\n    at endReadableNT (node:internal/streams/readable:1343:12)\n    at processTicksAndRejections (node:internal/process/task_queues:83:21)","status":400,"statusCode":400,"type":"entity.parse.failed"}
{"body":"{\n    \"name\":\"mohammadreza\",\n    \"email\": \"mohammadreza.zr@yahoo.com\",\n    \"number\": ,\n    \"password\": \"salamkh0bY\"\n}","expose":true,"level":"error","status":400,"statusCode":400,"type":"entity.parse.failed"}
{"body":"{\n    \"name\":\"mohammadreza\",\n    \"email\": \"mohammadreza.zr@yahoo.com\",\n    \"password\": \"salamkh0bY\",\n    \"number\": \n}","expose":true,"level":"error","status":400,"statusCode":400,"type":"entity.parse.failed"}
{"body":"{\n    \"name\":\"mohammadreza\",\n    \"email\": \"mohammadreza.zr@yahoo.com\",\n    \"password\": \"salamkh0bY\",\n    \"number\": \n}","expose":true,"level":"error","status":400,"statusCode":400,"type":"entity.parse.failed"}
{"body":"{\n    \"name\":\"mohammadreza\",\n    \"email\": \"mohammadreza.zr@yahoo.com\",\n    \"password\": \"salamkh0bY\",\n    \"number\": \n}","expose":true,"level":"error","status":400,"statusCode":400,"type":"entity.parse.failed"}
{"body":"{\n    \"name\":\"mohammadreza\",\n    \"email\": \"mohammadreza.zr@yahoo.com\",\n    \"password\": \"salamkh0bY\",\n    \"number\": '09145750525'\n}","expose":true,"level":"error","status":400,"statusCode":400,"type":"entity.parse.failed"}
{"body":"{\n    \"name\":\"mohammadreza\",\n    \"email\": \"test@test.com\",\n    \"password\": \"123456\",\n    \"number\": '000000000'\n}","expose":true,"level":"error","status":400,"statusCode":400,"type":"entity.parse.failed"}
{"body":"{\n    \"name\":\"mohammadreza\",\n    \"email\": \"test@test.com\",\n    \"password\": \"123456\",\n    \"number\": \n}","expose":true,"level":"error","status":400,"statusCode":400,"type":"entity.parse.failed"}
{"body":"{\n    \"name\":\"mohammadreza\",\n    \"email\": \"test@test.com\",\n    \"password\": \"123456\",\n    \"number\": \n}","expose":true,"level":"error","status":400,"statusCode":400,"type":"entity.parse.failed"}
{"body":"{\n    \"name\":\"mohammadreza\",\n    \"email\": \"test@test.com\",\n    \"password\": \"123456\",\n    \"number\": \n}","expose":true,"level":"error","status":400,"statusCode":400,"type":"entity.parse.failed"}
{"body":"{\n    \"name\":\"mohammadreza\",\n    \"email\": \"test@test.com\",\n    \"password\": \"123456\",\n    \"number\": \n}","expose":true,"level":"error","status":400,"statusCode":400,"type":"entity.parse.failed"}
{"body":"{\n    \"name\":\"mohammadreza\",\n    \"email\": \"test@test.com\",\n    \"password\": \"123456\",\n    \"number\": \n}","expose":true,"level":"error","status":400,"statusCode":400,"type":"entity.parse.failed"}
{"body":"{\n    \"name\":\"mohammadreza\",\n    \"email\": \"test@test.com\",\n    \"password\": \"123456\",\n    \"number\": \n}","expose":true,"level":"error","status":400,"statusCode":400,"type":"entity.parse.failed"}
